<?xml version="1.0" encoding="UTF-8"?>
<!-- Generated by org.testng.reporters.JUnitReportReporter -->
<testsuite hostname="DESKTOP-0PSUIKT" failures="0" tests="16" name="Assessment_API.Assessment_API.RestAssuredPractice" time="1.873" errors="0" timestamp="31 May 2021 08:25:50 GMT" skipped="14">
  <testcase classname="Assessment_API.Assessment_API.RestAssuredPractice" name="datasourceexample" time="1.826"/>
  <testcase classname="Assessment_API.Assessment_API.RestAssuredPractice" name="datasourceexample" time="0.047"/>
  <testcase classname="Assessment_API.Assessment_API.RestAssuredPractice" name="jsonbody">
    <skipped/>
  </testcase> <!-- jsonbody -->
  <testcase classname="Assessment_API.Assessment_API.RestAssuredPractice" name="pojoexample">
    <skipped/>
  </testcase> <!-- pojoexample -->
  <testcase classname="Assessment_API.Assessment_API.RestAssuredPractice" name="putmethod">
    <skipped/>
  </testcase> <!-- putmethod -->
  <testcase classname="Assessment_API.Assessment_API.RestAssuredPractice" name="postmethod">
    <skipped/>
  </testcase> <!-- postmethod -->
  <testcase classname="Assessment_API.Assessment_API.RestAssuredPractice" name="fetchjsonfile">
    <skipped/>
  </testcase> <!-- fetchjsonfile -->
  <testcase classname="Assessment_API.Assessment_API.RestAssuredPractice" name="patchmethod">
    <skipped/>
  </testcase> <!-- patchmethod -->
  <testcase classname="Assessment_API.Assessment_API.RestAssuredPractice" name="getmethod">
    <skipped/>
  </testcase> <!-- getmethod -->
  <testcase classname="Assessment_API.Assessment_API.RestAssuredPractice" name="assertmethod">
    <skipped/>
  </testcase> <!-- assertmethod -->
  <testcase classname="Assessment_API.Assessment_API.RestAssuredPractice" name="secondtest">
    <skipped/>
  </testcase> <!-- secondtest -->
  <testcase classname="Assessment_API.Assessment_API.RestAssuredPractice" name="thirdtest1">
    <skipped/>
  </testcase> <!-- thirdtest1 -->
  <testcase classname="Assessment_API.Assessment_API.RestAssuredPractice" name="deletemethod">
    <skipped/>
  </testcase> <!-- deletemethod -->
  <testcase classname="Assessment_API.Assessment_API.RestAssuredPractice" name="soapexample">
    <skipped/>
  </testcase> <!-- soapexample -->
  <testcase classname="Assessment_API.Assessment_API.RestAssuredPractice" name="firsttest">
    <skipped/>
  </testcase> <!-- firsttest -->
  <testcase classname="Assessment_API.Assessment_API.RestAssuredPractice" name="assertions">
    <skipped/>
  </testcase> <!-- assertions -->
</testsuite> <!-- Assessment_API.Assessment_API.RestAssuredPractice -->
