<?xml version="1.0" encoding="UTF-8"?>
<!-- Generated by org.testng.reporters.JUnitReportReporter -->
<testsuite hostname="DESKTOP-0PSUIKT" failures="0" tests="2" name="Assessment_API.Assessment_API.RestAssuured_Assignment3" time="1.966" errors="0" timestamp="31 May 2021 08:28:05 GMT" skipped="0">
  <testcase classname="Assessment_API.Assessment_API.RestAssuured_Assignment3" name="jsonBody" time="0.054"/>
  <testcase classname="Assessment_API.Assessment_API.RestAssuured_Assignment3" name="jsonBody" time="1.912"/>
</testsuite> <!-- Assessment_API.Assessment_API.RestAssuured_Assignment3 -->
