<?xml version="1.0" encoding="UTF-8"?>
<!-- Generated by org.testng.reporters.JUnitReportReporter -->
<testsuite hostname="DESKTOP-0PSUIKT" failures="0" tests="1" name="Assessment_API.Assessment_API.TC02" time="4.445" errors="0" timestamp="31 May 2021 08:38:56 GMT" skipped="0">
  <testcase classname="Assessment_API.Assessment_API.TC02" name="soapEx" time="4.445"/>
</testsuite> <!-- Assessment_API.Assessment_API.TC02 -->
