<?xml version="1.0" encoding="UTF-8"?>
<!-- Generated by org.testng.reporters.JUnitReportReporter -->
<testsuite hostname="DESKTOP-0PSUIKT" failures="0" tests="1" name="RestAssuured_Assignment3" time="2.157" errors="0" timestamp="31 May 2021 07:22:21 GMT" skipped="0">
  <testcase classname="RestAssuured_Assignment3" name="jsonBody" time="2.157"/>
</testsuite> <!-- RestAssuured_Assignment3 -->
